2018-09-06T12:12:55+00:00 CRITICAL Uncaught Error: Class 'Contacts' not found in C:\xampp\htdocs\testdomain\wp-includes\class-wp-widget-factory.php:106
Stack trace:
#0 C:\xampp\htdocs\testdomain\wp-includes\widgets.php(113): WP_Widget_Factory->register('Contacts')
#1 C:\xampp\htdocs\testdomain\wp-content\themes\twentyseventeen-child\functions.php(16): register_widget('Contacts')
#2 C:\xampp\htdocs\testdomain\wp-includes\class-wp-hook.php(298): contact_widget('')
#3 C:\xampp\htdocs\testdomain\wp-includes\class-wp-hook.php(323): WP_Hook->apply_filters(NULL, Array)
#4 C:\xampp\htdocs\testdomain\wp-includes\plugin.php(453): WP_Hook->do_action(Array)
#5 C:\xampp\htdocs\testdomain\wp-includes\widgets.php(1474): do_action('widgets_init')
#6 C:\xampp\htdocs\testdomain\wp-includes\class-wp-hook.php(298): wp_widgets_init('')
#7 C:\xampp\htdocs\testdomain\wp-includes\class-wp-hook.php(323): WP_Hook->apply_filters(NULL, Array)
#8 C:\xampp\htdocs\testdomain\wp-includes\plugin.php(453): WP_Hook->do_action(Array)
#9 C:\xampp\htdocs\testdomain\wp-settings.php

2018-09-06T12:14:05+00:00 CRITICAL Uncaught Error: Class 'Contacts' not found in C:\xampp\htdocs\testdomain\wp-includes\class-wp-widget-factory.php:106
Stack trace:
#0 C:\xampp\htdocs\testdomain\wp-includes\widgets.php(113): WP_Widget_Factory->register('Contacts')
#1 C:\xampp\htdocs\testdomain\wp-content\themes\twentyseventeen-child\functions.php(16): register_widget('Contacts')
#2 C:\xampp\htdocs\testdomain\wp-includes\class-wp-hook.php(298): contact_widget('')
#3 C:\xampp\htdocs\testdomain\wp-includes\class-wp-hook.php(323): WP_Hook->apply_filters(NULL, Array)
#4 C:\xampp\htdocs\testdomain\wp-includes\plugin.php(453): WP_Hook->do_action(Array)
#5 C:\xampp\htdocs\testdomain\wp-includes\widgets.php(1474): do_action('widgets_init')
#6 C:\xampp\htdocs\testdomain\wp-includes\class-wp-hook.php(298): wp_widgets_init('')
#7 C:\xampp\htdocs\testdomain\wp-includes\class-wp-hook.php(323): WP_Hook->apply_filters(NULL, Array)
#8 C:\xampp\htdocs\testdomain\wp-includes\plugin.php(453): WP_Hook->do_action(Array)
#9 C:\xampp\htdocs\testdomain\wp-settings.php

2018-09-06T12:14:55+00:00 CRITICAL Uncaught Error: Class 'Contacts' not found in C:\xampp\htdocs\testdomain\wp-includes\class-wp-widget-factory.php:106
Stack trace:
#0 C:\xampp\htdocs\testdomain\wp-includes\widgets.php(113): WP_Widget_Factory->register('Contacts')
#1 C:\xampp\htdocs\testdomain\wp-content\themes\twentyseventeen-child\functions.php(16): register_widget('Contacts')
#2 C:\xampp\htdocs\testdomain\wp-includes\class-wp-hook.php(298): contact_widget('')
#3 C:\xampp\htdocs\testdomain\wp-includes\class-wp-hook.php(323): WP_Hook->apply_filters(NULL, Array)
#4 C:\xampp\htdocs\testdomain\wp-includes\plugin.php(453): WP_Hook->do_action(Array)
#5 C:\xampp\htdocs\testdomain\wp-includes\widgets.php(1474): do_action('widgets_init')
#6 C:\xampp\htdocs\testdomain\wp-includes\class-wp-hook.php(298): wp_widgets_init('')
#7 C:\xampp\htdocs\testdomain\wp-includes\class-wp-hook.php(323): WP_Hook->apply_filters(NULL, Array)
#8 C:\xampp\htdocs\testdomain\wp-includes\plugin.php(453): WP_Hook->do_action(Array)
#9 C:\xampp\htdocs\testdomain\wp-settings.php

